<?xml version="1.0" encoding="UTF-8"?>
<!-- Generated by org.testng.reporters.JUnitReportReporter -->
<testsuite hostname="DESKTOP-99DQUJL" failures="0" tests="1" name="MyStuffTest" time="4.654" errors="0" timestamp="2024-04-09T14:01:54 EDT" skipped="0">
  <testcase classname="MyStuffTest" name="myStuffTest" time="4.654"/>
</testsuite> <!-- MyStuffTest -->
