<?xml version="1.0" encoding="UTF-8"?>
<!-- Generated by org.testng.reporters.JUnitReportReporter -->
<testsuite hostname="DESKTOP-99DQUJL" failures="0" tests="3" name="SearchTest" time="38.613" errors="0" timestamp="2024-04-09T14:01:54 EDT" skipped="0">
  <testcase classname="SearchTest" name="searchByTitle" time="8.548"/>
  <testcase classname="SearchTest" name="searchByBrowseLink" time="19.873"/>
  <testcase classname="SearchTest" name="searchByGenre" time="10.192"/>
</testsuite> <!-- SearchTest -->
