<?xml version="1.0" encoding="UTF-8"?>
<!-- Generated by org.testng.reporters.JUnitReportReporter -->
<testsuite hostname="DESKTOP-99DQUJL" failures="0" tests="2" name="SignInTest" time="9.134" errors="0" timestamp="2024-04-09T14:01:54 EDT" skipped="0">
  <testcase classname="SignInTest" name="huluWelcomePage" time="9.134"/>
  <testcase classname="SignInTest" name="selectProfile" time="0.000"/>
</testsuite> <!-- SignInTest -->
