<?xml version="1.0" encoding="UTF-8"?>
<!-- Generated by org.testng.reporters.JUnitReportReporter -->
<testsuite hostname="DESKTOP-99DQUJL" failures="0" tests="1" name="ContinueWatchingTest" time="8.778" errors="0" timestamp="2024-04-09T14:01:54 EDT" skipped="0">
  <testcase classname="ContinueWatchingTest" name="continueWatching" time="8.778"/>
</testsuite> <!-- ContinueWatchingTest -->
