<?xml version="1.0" encoding="UTF-8"?>
<!-- Generated by org.testng.reporters.JUnitReportReporter -->
<testsuite hostname="DESKTOP-99DQUJL" failures="0" tests="4" name="VideoPlayerTest" time="55.660" errors="0" timestamp="2024-04-09T14:01:54 EDT" skipped="0">
  <testcase classname="VideoPlayerTest" name="playPauseVideo" time="21.959"/>
  <testcase classname="VideoPlayerTest" name="volumeSlider" time="2.280"/>
  <testcase classname="VideoPlayerTest" name="videoSettings" time="20.252"/>
  <testcase classname="VideoPlayerTest" name="screenSizeOptions" time="11.169"/>
</testsuite> <!-- VideoPlayerTest -->
